2022-11-04 16:24:28 [express] error: uncaughtException: The argument 'id' must be a non-empty string. Received ''
TypeError [ERR_INVALID_ARG_VALUE]: The argument 'id' must be a non-empty string. Received ''
    at new NodeError (node:internal/errors:387:5)
    at Module.require (node:internal/modules/cjs/loader:1052:11)
    at require (node:internal/modules/cjs/helpers:103:18)
    at Object.<anonymous> (/home/work/IdeaProjects/express-test/app.js:15:16)
    at Module._compile (node:internal/modules/cjs/loader:1155:14)
    at Object.Module._extensions..js (node:internal/modules/cjs/loader:1209:10)
    at Module.load (node:internal/modules/cjs/loader:1033:32)
    at Function.Module._load (node:internal/modules/cjs/loader:868:12)
    at Module.require (node:internal/modules/cjs/loader:1057:19)
    at require (node:internal/modules/cjs/helpers:103:18)
2022-11-04 16:34:06 [express] error: uncaughtException: Cannot read properties of undefined (reading 'length')
TypeError: Cannot read properties of undefined (reading 'length')
    at pathtoRegexp (/home/work/IdeaProjects/express-test/node_modules/path-to-regexp/index.js:63:49)
    at new Layer (/home/work/IdeaProjects/express-test/node_modules/express/lib/router/layer.js:45:17)
    at Function.route (/home/work/IdeaProjects/express-test/node_modules/express/lib/router/index.js:494:15)
    at Function.app.<computed> [as post] (/home/work/IdeaProjects/express-test/node_modules/express/lib/application.js:481:30)
    at Object.<anonymous> (/home/work/IdeaProjects/express-test/app.js:75:5)
    at Module._compile (node:internal/modules/cjs/loader:1155:14)
    at Object.Module._extensions..js (node:internal/modules/cjs/loader:1209:10)
    at Module.load (node:internal/modules/cjs/loader:1033:32)
    at Function.Module._load (node:internal/modules/cjs/loader:868:12)
    at Module.require (node:internal/modules/cjs/loader:1057:19)
2022-11-04 16:39:03 [express] error: uncaughtException: upload is not defined
ReferenceError: upload is not defined
    at Object.<anonymous> (/home/work/IdeaProjects/express-test/app.js:60:21)
    at Module._compile (node:internal/modules/cjs/loader:1155:14)
    at Object.Module._extensions..js (node:internal/modules/cjs/loader:1209:10)
    at Module.load (node:internal/modules/cjs/loader:1033:32)
    at Function.Module._load (node:internal/modules/cjs/loader:868:12)
    at Module.require (node:internal/modules/cjs/loader:1057:19)
    at require (node:internal/modules/cjs/helpers:103:18)
    at Object.<anonymous> (/home/work/IdeaProjects/express-test/bin/www:7:11)
    at Module._compile (node:internal/modules/cjs/loader:1155:14)
    at Object.Module._extensions..js (node:internal/modules/cjs/loader:1209:10)
2022-11-04 16:39:15 [express] error: uncaughtException: Cannot read properties of undefined (reading 'method')
TypeError: Cannot read properties of undefined (reading 'method')
    at Function.handle (/home/work/IdeaProjects/express-test/node_modules/express/lib/router/index.js:139:34)
    at router (/home/work/IdeaProjects/express-test/node_modules/express/lib/router/index.js:47:12)
    at Object.<anonymous> (/home/work/IdeaProjects/express-test/routes/index.js:49:1)
    at Module._compile (node:internal/modules/cjs/loader:1155:14)
    at Object.Module._extensions..js (node:internal/modules/cjs/loader:1209:10)
    at Module.load (node:internal/modules/cjs/loader:1033:32)
    at Function.Module._load (node:internal/modules/cjs/loader:868:12)
    at Module.require (node:internal/modules/cjs/loader:1057:19)
    at require (node:internal/modules/cjs/helpers:103:18)
    at Object.<anonymous> (/home/work/IdeaProjects/express-test/app.js:12:19)
2022-11-04 16:39:41 [express] error: uncaughtException: upload is not defined
ReferenceError: upload is not defined
    at Object.<anonymous> (/home/work/IdeaProjects/express-test/app.js:60:21)
    at Module._compile (node:internal/modules/cjs/loader:1155:14)
    at Object.Module._extensions..js (node:internal/modules/cjs/loader:1209:10)
    at Module.load (node:internal/modules/cjs/loader:1033:32)
    at Function.Module._load (node:internal/modules/cjs/loader:868:12)
    at Module.require (node:internal/modules/cjs/loader:1057:19)
    at require (node:internal/modules/cjs/helpers:103:18)
    at Object.<anonymous> (/home/work/IdeaProjects/express-test/bin/www:7:11)
    at Module._compile (node:internal/modules/cjs/loader:1155:14)
    at Object.Module._extensions..js (node:internal/modules/cjs/loader:1209:10)
2022-11-04 16:40:15 [express] error: uncaughtException: upload is not defined
ReferenceError: upload is not defined
    at Object.<anonymous> (/home/work/IdeaProjects/express-test/app.js:60:21)
    at Module._compile (node:internal/modules/cjs/loader:1155:14)
    at Object.Module._extensions..js (node:internal/modules/cjs/loader:1209:10)
    at Module.load (node:internal/modules/cjs/loader:1033:32)
    at Function.Module._load (node:internal/modules/cjs/loader:868:12)
    at Module.require (node:internal/modules/cjs/loader:1057:19)
    at require (node:internal/modules/cjs/helpers:103:18)
    at Object.<anonymous> (/home/work/IdeaProjects/express-test/bin/www:7:11)
    at Module._compile (node:internal/modules/cjs/loader:1155:14)
    at Object.Module._extensions..js (node:internal/modules/cjs/loader:1209:10)
2022-11-04 16:40:24 [express] error: uncaughtException: upload is not defined
ReferenceError: upload is not defined
    at Object.<anonymous> (/home/work/IdeaProjects/express-test/app.js:60:21)
    at Module._compile (node:internal/modules/cjs/loader:1155:14)
    at Object.Module._extensions..js (node:internal/modules/cjs/loader:1209:10)
    at Module.load (node:internal/modules/cjs/loader:1033:32)
    at Function.Module._load (node:internal/modules/cjs/loader:868:12)
    at Module.require (node:internal/modules/cjs/loader:1057:19)
    at require (node:internal/modules/cjs/helpers:103:18)
    at Object.<anonymous> (/home/work/IdeaProjects/express-test/bin/www:7:11)
    at Module._compile (node:internal/modules/cjs/loader:1155:14)
    at Object.Module._extensions..js (node:internal/modules/cjs/loader:1209:10)
2022-11-04 16:41:12 [express] error: uncaughtException: upload is not defined
ReferenceError: upload is not defined
    at Object.<anonymous> (/home/work/IdeaProjects/express-test/app.js:60:21)
    at Module._compile (node:internal/modules/cjs/loader:1155:14)
    at Object.Module._extensions..js (node:internal/modules/cjs/loader:1209:10)
    at Module.load (node:internal/modules/cjs/loader:1033:32)
    at Function.Module._load (node:internal/modules/cjs/loader:868:12)
    at Module.require (node:internal/modules/cjs/loader:1057:19)
    at require (node:internal/modules/cjs/helpers:103:18)
    at Object.<anonymous> (/home/work/IdeaProjects/express-test/bin/www:7:11)
    at Module._compile (node:internal/modules/cjs/loader:1155:14)
    at Object.Module._extensions..js (node:internal/modules/cjs/loader:1209:10)
2022-11-04 16:41:58 [express] error: uncaughtException: upload is not defined
ReferenceError: upload is not defined
    at Object.<anonymous> (/home/work/IdeaProjects/express-test/app.js:60:21)
    at Module._compile (node:internal/modules/cjs/loader:1155:14)
    at Object.Module._extensions..js (node:internal/modules/cjs/loader:1209:10)
    at Module.load (node:internal/modules/cjs/loader:1033:32)
    at Function.Module._load (node:internal/modules/cjs/loader:868:12)
    at Module.require (node:internal/modules/cjs/loader:1057:19)
    at require (node:internal/modules/cjs/helpers:103:18)
    at Object.<anonymous> (/home/work/IdeaProjects/express-test/bin/www:7:11)
    at Module._compile (node:internal/modules/cjs/loader:1155:14)
    at Object.Module._extensions..js (node:internal/modules/cjs/loader:1209:10)
2022-11-04 16:42:04 [express] error: uncaughtException: upload is not defined
ReferenceError: upload is not defined
    at Object.<anonymous> (/home/work/IdeaProjects/express-test/app.js:60:21)
    at Module._compile (node:internal/modules/cjs/loader:1155:14)
    at Object.Module._extensions..js (node:internal/modules/cjs/loader:1209:10)
    at Module.load (node:internal/modules/cjs/loader:1033:32)
    at Function.Module._load (node:internal/modules/cjs/loader:868:12)
    at Module.require (node:internal/modules/cjs/loader:1057:19)
    at require (node:internal/modules/cjs/helpers:103:18)
    at Object.<anonymous> (/home/work/IdeaProjects/express-test/bin/www:7:11)
    at Module._compile (node:internal/modules/cjs/loader:1155:14)
    at Object.Module._extensions..js (node:internal/modules/cjs/loader:1209:10)
2022-11-04 16:42:30 [express] error: uncaughtException: upload is not defined
ReferenceError: upload is not defined
    at Object.<anonymous> (/home/work/IdeaProjects/express-test/app.js:60:21)
    at Module._compile (node:internal/modules/cjs/loader:1155:14)
    at Object.Module._extensions..js (node:internal/modules/cjs/loader:1209:10)
    at Module.load (node:internal/modules/cjs/loader:1033:32)
    at Function.Module._load (node:internal/modules/cjs/loader:868:12)
    at Module.require (node:internal/modules/cjs/loader:1057:19)
    at require (node:internal/modules/cjs/helpers:103:18)
    at Object.<anonymous> (/home/work/IdeaProjects/express-test/bin/www:7:11)
    at Module._compile (node:internal/modules/cjs/loader:1155:14)
    at Object.Module._extensions..js (node:internal/modules/cjs/loader:1209:10)
