2022-11-07 10:20:45 [express] error: uncaughtException: Route.get() requires a callback function but got a [object String]
Error: Route.get() requires a callback function but got a [object String]
    at Route.<computed> [as get] (/home/work/IdeaProjects/express-test/node_modules/express/lib/router/route.js:202:15)
    at Object.<anonymous> (/home/work/IdeaProjects/express-test/routes/users.js:8:6)
    at Module._compile (node:internal/modules/cjs/loader:1155:14)
    at Object.Module._extensions..js (node:internal/modules/cjs/loader:1209:10)
    at Module.load (node:internal/modules/cjs/loader:1033:32)
    at Function.Module._load (node:internal/modules/cjs/loader:868:12)
    at Module.require (node:internal/modules/cjs/loader:1057:19)
    at require (node:internal/modules/cjs/helpers:103:18)
    at Object.<anonymous> (/home/work/IdeaProjects/express-test/app.js:13:19)
    at Module._compile (node:internal/modules/cjs/loader:1155:14)
2022-11-07 10:21:43 [express] error: uncaughtException: Route.get() requires a callback function but got a [object String]
Error: Route.get() requires a callback function but got a [object String]
    at Route.<computed> [as get] (/home/work/IdeaProjects/express-test/node_modules/express/lib/router/route.js:202:15)
    at Object.<anonymous> (/home/work/IdeaProjects/express-test/routes/users.js:8:6)
    at Module._compile (node:internal/modules/cjs/loader:1155:14)
    at Object.Module._extensions..js (node:internal/modules/cjs/loader:1209:10)
    at Module.load (node:internal/modules/cjs/loader:1033:32)
    at Function.Module._load (node:internal/modules/cjs/loader:868:12)
    at Module.require (node:internal/modules/cjs/loader:1057:19)
    at require (node:internal/modules/cjs/helpers:103:18)
    at Object.<anonymous> (/home/work/IdeaProjects/express-test/app.js:13:19)
    at Module._compile (node:internal/modules/cjs/loader:1155:14)
2022-11-07 10:22:09 [express] error: uncaughtException: Route.get() requires a callback function but got a [object String]
Error: Route.get() requires a callback function but got a [object String]
    at Route.<computed> [as get] (/home/work/IdeaProjects/express-test/node_modules/express/lib/router/route.js:202:15)
    at Object.<anonymous> (/home/work/IdeaProjects/express-test/routes/users.js:8:6)
    at Module._compile (node:internal/modules/cjs/loader:1155:14)
    at Object.Module._extensions..js (node:internal/modules/cjs/loader:1209:10)
    at Module.load (node:internal/modules/cjs/loader:1033:32)
    at Function.Module._load (node:internal/modules/cjs/loader:868:12)
    at Module.require (node:internal/modules/cjs/loader:1057:19)
    at require (node:internal/modules/cjs/helpers:103:18)
    at Object.<anonymous> (/home/work/IdeaProjects/express-test/app.js:13:19)
    at Module._compile (node:internal/modules/cjs/loader:1155:14)
